This file contains any messages produced by compilers while
running configure, to aid debugging if configure makes a mistake.

It was created by subtle configure 0.7c, which was
generated by GNU Autoconf 2.61.  Invocation command line was

  $ ./configure --enable-debug

## --------- ##
## Platform. ##
## --------- ##

hostname = meanas
uname -m = i686
uname -r = 2.6.19-suspend2-r3
uname -s = Linux
uname -v = #1 PREEMPT Sun May 20 11:53:54 CEST 2007

/usr/bin/uname -p = unknown
/bin/uname -X     = unknown

/bin/arch              = i686
/usr/bin/arch -k       = unknown
/usr/convex/getsysinfo = unknown
/usr/bin/hostinfo      = unknown
/bin/machine           = unknown
/usr/bin/oslevel       = unknown
/bin/universe          = unknown

PATH: /usr/local/bin
PATH: /usr/bin
PATH: /bin
PATH: /opt/bin
PATH: /usr/i686-pc-linux-gnu/gcc-bin/4.1.2
PATH: /opt/blackdown-jdk-1.4.2.03/bin
PATH: /opt/blackdown-jdk-1.4.2.03/jre/bin
PATH: /usr/kde/3.5/bin
PATH: /usr/qt/3/bin
PATH: /usr/games/bin
PATH: /home/unexist/bin/
PATH: /usr/kde/3.4/bin/


## ----------- ##
## Core tests. ##
## ----------- ##

configure:1812: checking for a BSD-compatible install
configure:1868: result: /usr/bin/install -c
configure:1879: checking whether build environment is sane
configure:1922: result: yes
configure:1987: checking for gawk
configure:2003: found /usr/bin/gawk
configure:2014: result: gawk
configure:2025: checking whether make sets $(MAKE)
configure:2046: result: yes
configure:2223: checking whether to enable maintainer-specific portions of Makefiles
configure:2232: result: no
configure:2297: checking for gcc
configure:2313: found /usr/bin/gcc
configure:2324: result: gcc
configure:2562: checking for C compiler version
configure:2569: gcc --version >&5
gcc (GCC) 4.1.2 (Gentoo 4.1.2)
Copyright (C) 2006 Free Software Foundation, Inc.
This is free software; see the source for copying conditions.  There is NO
warranty; not even for MERCHANTABILITY or FITNESS FOR A PARTICULAR PURPOSE.

configure:2572: $? = 0
configure:2579: gcc -v >&5
Using built-in specs.
Target: i686-pc-linux-gnu
Configured with: /var/tmp/portage/sys-devel/gcc-4.1.2/work/gcc-4.1.2/configure --prefix=/usr --bindir=/usr/i686-pc-linux-gnu/gcc-bin/4.1.2 --includedir=/usr/lib/gcc/i686-pc-linux-gnu/4.1.2/include --datadir=/usr/share/gcc-data/i686-pc-linux-gnu/4.1.2 --mandir=/usr/share/gcc-data/i686-pc-linux-gnu/4.1.2/man --infodir=/usr/share/gcc-data/i686-pc-linux-gnu/4.1.2/info --with-gxx-include-dir=/usr/lib/gcc/i686-pc-linux-gnu/4.1.2/include/g++-v4 --host=i686-pc-linux-gnu --build=i686-pc-linux-gnu --disable-altivec --disable-nls --with-system-zlib --disable-checking --disable-werror --enable-secureplt --disable-libunwind-exceptions --disable-multilib --disable-libmudflap --disable-libssp --enable-languages=c,c++,java,fortran --enable-shared --enable-threads=posix --enable-__cxa_atexit --enable-clocale=gnu
Thread model: posix
gcc version 4.1.2 (Gentoo 4.1.2)
configure:2582: $? = 0
configure:2589: gcc -V >&5
gcc: '-V' option must have argument
configure:2592: $? = 1
configure:2615: checking for C compiler default output file name
configure:2642: gcc    conftest.c  >&5
configure:2645: $? = 0
configure:2683: result: a.out
configure:2700: checking whether the C compiler works
configure:2710: ./a.out
configure:2713: $? = 0
configure:2730: result: yes
configure:2737: checking whether we are cross compiling
configure:2739: result: no
configure:2742: checking for suffix of executables
configure:2749: gcc -o conftest    conftest.c  >&5
configure:2752: $? = 0
configure:2776: result: 
configure:2782: checking for suffix of object files
configure:2808: gcc -c   conftest.c >&5
configure:2811: $? = 0
configure:2834: result: o
configure:2838: checking whether we are using the GNU C compiler
configure:2867: gcc -c   conftest.c >&5
configure:2873: $? = 0
configure:2890: result: yes
configure:2895: checking whether gcc accepts -g
configure:2925: gcc -c -g  conftest.c >&5
configure:2931: $? = 0
configure:3030: result: yes
configure:3047: checking for gcc option to accept ISO C89
configure:3121: gcc  -c -g -O2  conftest.c >&5
configure:3127: $? = 0
configure:3150: result: none needed
configure:3179: checking for style of include used by make
configure:3207: result: GNU
configure:3235: checking dependency style of gcc
configure:3325: result: gcc3
configure:3355: checking for a BSD-compatible install
configure:3411: result: /usr/bin/install -c
configure:3422: checking whether ln -s works
configure:3426: result: yes
configure:3433: checking whether make sets $(MAKE)
configure:3454: result: yes
configure:3471: checking how to run the C preprocessor
configure:3511: gcc -E  conftest.c
configure:3517: $? = 0
configure:3548: gcc -E  conftest.c
conftest.c:8:28: error: ac_nonexistent.h: No such file or directory
configure:3554: $? = 1
configure: failed program was:
| /* confdefs.h.  */
| #define PACKAGE_NAME "subtle"
| #define PACKAGE_TARNAME "subtle"
| #define PACKAGE_VERSION "0.7c"
| #define PACKAGE_STRING "subtle 0.7c"
| #define PACKAGE_BUGREPORT "unexist@hilflos.org"
| /* end confdefs.h.  */
| #include <ac_nonexistent.h>
configure:3587: result: gcc -E
configure:3616: gcc -E  conftest.c
configure:3622: $? = 0
configure:3653: gcc -E  conftest.c
conftest.c:8:28: error: ac_nonexistent.h: No such file or directory
configure:3659: $? = 1
configure: failed program was:
| /* confdefs.h.  */
| #define PACKAGE_NAME "subtle"
| #define PACKAGE_TARNAME "subtle"
| #define PACKAGE_VERSION "0.7c"
| #define PACKAGE_STRING "subtle 0.7c"
| #define PACKAGE_BUGREPORT "unexist@hilflos.org"
| /* end confdefs.h.  */
| #include <ac_nonexistent.h>
configure:3697: checking for X
configure:3867: gcc -o conftest -g -O2   conftest.c -lX11  >&5
configure:3873: $? = 0
configure:3932: result: libraries , headers 
configure:4093: gcc -o conftest -g -O2   conftest.c   -lX11 >&5
configure:4099: $? = 0
configure:4256: checking for gethostbyname
configure:4312: gcc -o conftest -g -O2   conftest.c  >&5
configure:4318: $? = 0
configure:4335: result: yes
configure:4480: checking for connect
configure:4536: gcc -o conftest -g -O2   conftest.c  >&5
configure:4542: $? = 0
configure:4559: result: yes
configure:4631: checking for remove
configure:4687: gcc -o conftest -g -O2   conftest.c  >&5
configure:4693: $? = 0
configure:4710: result: yes
configure:4782: checking for shmat
configure:4838: gcc -o conftest -g -O2   conftest.c  >&5
configure:4844: $? = 0
configure:4861: result: yes
configure:4942: checking for IceConnectionNumber in -lICE
configure:4977: gcc -o conftest -g -O2   conftest.c -lICE   >&5
configure:4983: $? = 0
configure:5001: result: yes
configure:5019: checking for dirent.h that defines DIR
configure:5048: gcc -c -g -O2  conftest.c >&5
configure:5054: $? = 0
configure:5070: result: yes
configure:5083: checking for library containing opendir
configure:5124: gcc -o conftest -g -O2   conftest.c  >&5
configure:5130: $? = 0
configure:5158: result: none required
configure:5252: checking for grep that handles long lines and -e
configure:5326: result: /bin/grep
configure:5331: checking for egrep
configure:5409: result: /bin/grep -E
configure:5414: checking for ANSI C header files
configure:5444: gcc -c -g -O2  conftest.c >&5
configure:5450: $? = 0
configure:5549: gcc -o conftest -g -O2   conftest.c  >&5
configure:5552: $? = 0
configure:5558: ./conftest
configure:5561: $? = 0
configure:5578: result: yes
configure:5602: checking for sys/types.h
configure:5623: gcc -c -g -O2  conftest.c >&5
configure:5629: $? = 0
configure:5645: result: yes
configure:5602: checking for sys/stat.h
configure:5623: gcc -c -g -O2  conftest.c >&5
configure:5629: $? = 0
configure:5645: result: yes
configure:5602: checking for stdlib.h
configure:5623: gcc -c -g -O2  conftest.c >&5
configure:5629: $? = 0
configure:5645: result: yes
configure:5602: checking for string.h
configure:5623: gcc -c -g -O2  conftest.c >&5
configure:5629: $? = 0
configure:5645: result: yes
configure:5602: checking for memory.h
configure:5623: gcc -c -g -O2  conftest.c >&5
configure:5629: $? = 0
configure:5645: result: yes
configure:5602: checking for strings.h
configure:5623: gcc -c -g -O2  conftest.c >&5
configure:5629: $? = 0
configure:5645: result: yes
configure:5602: checking for inttypes.h
configure:5623: gcc -c -g -O2  conftest.c >&5
configure:5629: $? = 0
configure:5645: result: yes
configure:5602: checking for stdint.h
configure:5623: gcc -c -g -O2  conftest.c >&5
configure:5629: $? = 0
configure:5645: result: yes
configure:5602: checking for unistd.h
configure:5623: gcc -c -g -O2  conftest.c >&5
configure:5629: $? = 0
configure:5645: result: yes
configure:5677: checking limits.h usability
configure:5694: gcc -c -g -O2  conftest.c >&5
configure:5700: $? = 0
configure:5714: result: yes
configure:5718: checking limits.h presence
configure:5733: gcc -E  conftest.c
configure:5739: $? = 0
configure:5753: result: yes
configure:5786: checking for limits.h
configure:5794: result: yes
configure:5677: checking malloc.h usability
configure:5694: gcc -c -g -O2  conftest.c >&5
configure:5700: $? = 0
configure:5714: result: yes
configure:5718: checking malloc.h presence
configure:5733: gcc -E  conftest.c
configure:5739: $? = 0
configure:5753: result: yes
configure:5786: checking for malloc.h
configure:5794: result: yes
configure:5667: checking for memory.h
configure:5673: result: yes
configure:5677: checking sys/time.h usability
configure:5694: gcc -c -g -O2  conftest.c >&5
configure:5700: $? = 0
configure:5714: result: yes
configure:5718: checking sys/time.h presence
configure:5733: gcc -E  conftest.c
configure:5739: $? = 0
configure:5753: result: yes
configure:5786: checking for sys/time.h
configure:5794: result: yes
configure:5667: checking for unistd.h
configure:5673: result: yes
configure:5677: checking fnmatch.h usability
configure:5694: gcc -c -g -O2  conftest.c >&5
configure:5700: $? = 0
configure:5714: result: yes
configure:5718: checking fnmatch.h presence
configure:5733: gcc -E  conftest.c
configure:5739: $? = 0
configure:5753: result: yes
configure:5786: checking for fnmatch.h
configure:5794: result: yes
configure:5809: checking for an ANSI C-conforming const
configure:5884: gcc -c -g -O2  conftest.c >&5
configure:5890: $? = 0
configure:5905: result: yes
configure:5915: checking for size_t
configure:5945: gcc -c -g -O2  conftest.c >&5
configure:5951: $? = 0
configure:5966: result: yes
configure:5978: checking return type of signal handlers
configure:6006: gcc -c -g -O2  conftest.c >&5
conftest.c: In function 'main':
conftest.c:31: error: void value not ignored as it ought to be
configure:6012: $? = 1
configure: failed program was:
| /* confdefs.h.  */
| #define PACKAGE_NAME "subtle"
| #define PACKAGE_TARNAME "subtle"
| #define PACKAGE_VERSION "0.7c"
| #define PACKAGE_STRING "subtle 0.7c"
| #define PACKAGE_BUGREPORT "unexist@hilflos.org"
| #define HAVE_DIRENT_H 1
| #define STDC_HEADERS 1
| #define HAVE_SYS_TYPES_H 1
| #define HAVE_SYS_STAT_H 1
| #define HAVE_STDLIB_H 1
| #define HAVE_STRING_H 1
| #define HAVE_MEMORY_H 1
| #define HAVE_STRINGS_H 1
| #define HAVE_INTTYPES_H 1
| #define HAVE_STDINT_H 1
| #define HAVE_UNISTD_H 1
| #define HAVE_LIMITS_H 1
| #define HAVE_MALLOC_H 1
| #define HAVE_MEMORY_H 1
| #define HAVE_SYS_TIME_H 1
| #define HAVE_UNISTD_H 1
| #define HAVE_FNMATCH_H 1
| /* end confdefs.h.  */
| #include <sys/types.h>
| #include <signal.h>
| 
| int
| main ()
| {
| return *(signal (0, 0)) (0) == 1;
|   ;
|   return 0;
| }
configure:6027: result: void
configure:6035: checking whether time.h and sys/time.h may both be included
configure:6065: gcc -c -g -O2  conftest.c >&5
configure:6071: $? = 0
configure:6086: result: yes
configure:6096: checking whether struct tm is in sys/time.h or time.h
configure:6126: gcc -c -g -O2  conftest.c >&5
configure:6132: $? = 0
configure:6147: result: time.h
configure:6159: checking whether closedir returns void
configure:6193: gcc -o conftest -g -O2   conftest.c  >&5
configure:6196: $? = 0
configure:6202: ./conftest
configure:6205: $? = 0
configure:6221: result: no
configure:6236: checking for stdlib.h
configure:6242: result: yes
configure:6376: checking for GNU libc compatible malloc
configure:6410: gcc -o conftest -g -O2   conftest.c  >&5
configure:6413: $? = 0
configure:6419: ./conftest
configure:6422: $? = 0
configure:6438: result: yes
configure:6471: checking for stdlib.h
configure:6477: result: yes
configure:6611: checking for GNU libc compatible realloc
configure:6645: gcc -o conftest -g -O2   conftest.c  >&5
configure:6648: $? = 0
configure:6654: ./conftest
configure:6657: $? = 0
configure:6673: result: yes
configure:6717: checking sys/select.h usability
configure:6734: gcc -c -g -O2  conftest.c >&5
configure:6740: $? = 0
configure:6754: result: yes
configure:6758: checking sys/select.h presence
configure:6773: gcc -E  conftest.c
configure:6779: $? = 0
configure:6793: result: yes
configure:6826: checking for sys/select.h
configure:6834: result: yes
configure:6717: checking sys/socket.h usability
configure:6734: gcc -c -g -O2  conftest.c >&5
configure:6740: $? = 0
configure:6754: result: yes
configure:6758: checking sys/socket.h presence
configure:6773: gcc -E  conftest.c
configure:6779: $? = 0
configure:6793: result: yes
configure:6826: checking for sys/socket.h
configure:6834: result: yes
configure:6847: checking types of arguments for select
configure:6885: gcc -c -g -O2  conftest.c >&5
configure:6891: $? = 0
configure:6912: result: int,fd_set *,struct timeval *
configure:6939: checking for strftime
configure:6995: gcc -o conftest -g -O2   conftest.c  >&5
conftest.c:59: warning: conflicting types for built-in function 'strftime'
configure:7001: $? = 0
configure:7019: result: yes
configure:7110: checking for memmove
configure:7166: gcc -o conftest -g -O2   conftest.c  >&5
conftest.c:60: warning: conflicting types for built-in function 'memmove'
configure:7172: $? = 0
configure:7190: result: yes
configure:7110: checking for memset
configure:7166: gcc -o conftest -g -O2   conftest.c  >&5
conftest.c:61: warning: conflicting types for built-in function 'memset'
configure:7172: $? = 0
configure:7190: result: yes
configure:7110: checking for select
configure:7166: gcc -o conftest -g -O2   conftest.c  >&5
configure:7172: $? = 0
configure:7190: result: yes
configure:7110: checking for strchr
configure:7166: gcc -o conftest -g -O2   conftest.c  >&5
conftest.c:63: warning: conflicting types for built-in function 'strchr'
configure:7172: $? = 0
configure:7190: result: yes
configure:7110: checking for strdup
configure:7166: gcc -o conftest -g -O2   conftest.c  >&5
conftest.c:64: warning: conflicting types for built-in function 'strdup'
configure:7172: $? = 0
configure:7190: result: yes
configure:7110: checking for strerror
configure:7166: gcc -o conftest -g -O2   conftest.c  >&5
configure:7172: $? = 0
configure:7190: result: yes
configure:7110: checking for strrchr
configure:7166: gcc -o conftest -g -O2   conftest.c  >&5
conftest.c:66: warning: conflicting types for built-in function 'strrchr'
configure:7172: $? = 0
configure:7190: result: yes
configure:7273: checking for XOpenDisplay in -lX11
configure:7308: gcc -o conftest -g -O2      -ldl  -lSM -lICE conftest.c -lX11    -ldl >&5
configure:7314: $? = 0
configure:7332: result: yes
configure:7396: checking for pkg-config
configure:7414: found /usr/bin/pkg-config
configure:7426: result: /usr/bin/pkg-config
configure:7455: checking pkg-config is at least version 0.1
configure:7458: result: yes
configure:7469: checking for grep
configure:7485: found /bin/grep
configure:7497: result: yes
configure:7512: checking for tail
configure:7540: result: yes
configure:7555: checking for awk
configure:7583: result: yes
configure:7597: checking lua pkg-config name
configure:7607: result: lua
configure:7612: checking for lua
configure:7620: $PKG_CONFIG --exists --print-errors "$lua_name >= 5.1"
configure:7623: $? = 0
configure:7638: $PKG_CONFIG --exists --print-errors "$lua_name >= 5.1"
configure:7641: $? = 0
configure:7683: result: yes
configure:7822: creating ./config.status

## ---------------------- ##
## Running config.status. ##
## ---------------------- ##

This file was extended by subtle config.status 0.7c, which was
generated by GNU Autoconf 2.61.  Invocation command line was

  CONFIG_FILES    = 
  CONFIG_HEADERS  = 
  CONFIG_LINKS    = 
  CONFIG_COMMANDS = 
  $ ./config.status 

on meanas

config.status:659: creating Makefile
config.status:659: creating src/Makefile
config.status:659: creating sublets/Makefile
config.status:659: creating config/Makefile
config.status:659: creating config.h
config.status:906: config.h is unchanged
config.status:952: executing depfiles commands

## ---------------- ##
## Cache variables. ##
## ---------------- ##

ac_cv_c_compiler_gnu=yes
ac_cv_c_const=yes
ac_cv_env_CC_set=
ac_cv_env_CC_value=
ac_cv_env_CFLAGS_set=
ac_cv_env_CFLAGS_value=
ac_cv_env_CPPFLAGS_set=
ac_cv_env_CPPFLAGS_value=
ac_cv_env_CPP_set=
ac_cv_env_CPP_value=
ac_cv_env_LDFLAGS_set=
ac_cv_env_LDFLAGS_value=
ac_cv_env_LIBS_set=
ac_cv_env_LIBS_value=
ac_cv_env_PKG_CONFIG_set=
ac_cv_env_PKG_CONFIG_value=
ac_cv_env_XMKMF_set=
ac_cv_env_XMKMF_value=
ac_cv_env_build_alias_set=
ac_cv_env_build_alias_value=
ac_cv_env_host_alias_set=
ac_cv_env_host_alias_value=
ac_cv_env_lua_CFLAGS_set=
ac_cv_env_lua_CFLAGS_value=
ac_cv_env_lua_LIBS_set=
ac_cv_env_lua_LIBS_value=
ac_cv_env_target_alias_set=
ac_cv_env_target_alias_value=
ac_cv_func_closedir_void=no
ac_cv_func_connect=yes
ac_cv_func_gethostbyname=yes
ac_cv_func_malloc_0_nonnull=yes
ac_cv_func_memmove=yes
ac_cv_func_memset=yes
ac_cv_func_realloc_0_nonnull=yes
ac_cv_func_remove=yes
ac_cv_func_select=yes
ac_cv_func_select_args='int,fd_set *,struct timeval *'
ac_cv_func_shmat=yes
ac_cv_func_strchr=yes
ac_cv_func_strdup=yes
ac_cv_func_strerror=yes
ac_cv_func_strftime=yes
ac_cv_func_strrchr=yes
ac_cv_have_x='have_x=yes	ac_x_includes='\'''\''	ac_x_libraries='\'''\'''
ac_cv_header_dirent_dirent_h=yes
ac_cv_header_fnmatch_h=yes
ac_cv_header_inttypes_h=yes
ac_cv_header_limits_h=yes
ac_cv_header_malloc_h=yes
ac_cv_header_memory_h=yes
ac_cv_header_stdc=yes
ac_cv_header_stdint_h=yes
ac_cv_header_stdlib_h=yes
ac_cv_header_string_h=yes
ac_cv_header_strings_h=yes
ac_cv_header_sys_select_h=yes
ac_cv_header_sys_socket_h=yes
ac_cv_header_sys_stat_h=yes
ac_cv_header_sys_time_h=yes
ac_cv_header_sys_types_h=yes
ac_cv_header_time=yes
ac_cv_header_unistd_h=yes
ac_cv_lib_ICE_IceConnectionNumber=yes
ac_cv_lib_X11_XOpenDisplay=yes
ac_cv_objext=o
ac_cv_path_EGREP='/bin/grep -E'
ac_cv_path_GREP=/bin/grep
ac_cv_path_ac_pt_PKG_CONFIG=/usr/bin/pkg-config
ac_cv_path_install='/usr/bin/install -c'
ac_cv_prog_AWK=gawk
ac_cv_prog_CPP='gcc -E'
ac_cv_prog_ac_ct_CC=gcc
ac_cv_prog_cc_c89=
ac_cv_prog_cc_g=yes
ac_cv_prog_check=yes
ac_cv_prog_make_make_set=yes
ac_cv_search_opendir='none required'
ac_cv_struct_tm=time.h
ac_cv_type_signal=void
ac_cv_type_size_t=yes
am_cv_CC_dependencies_compiler_type=gcc3
pkg_cv_lua_CFLAGS=' '
pkg_cv_lua_LIBS='-llua -lm  '

## ----------------- ##
## Output variables. ##
## ----------------- ##

ACLOCAL='${SHELL} /home/unexist/projects/subtle/missing --run aclocal-1.9'
AMDEPBACKSLASH='\'
AMDEP_FALSE='#'
AMDEP_TRUE=''
AMTAR='${SHELL} /home/unexist/projects/subtle/missing --run tar'
AUTOCONF='${SHELL} /home/unexist/projects/subtle/missing --run autoconf'
AUTOHEADER='${SHELL} /home/unexist/projects/subtle/missing --run autoheader'
AUTOMAKE='${SHELL} /home/unexist/projects/subtle/missing --run automake-1.9'
AWK='gawk'
CC='gcc'
CCDEPMODE='depmode=gcc3'
CFLAGS='-g -O2 '
CONFIG_DIR='/usr/local/etc/subtle'
CPP='gcc -E'
CPPFLAGS=''
CYGPATH_W='echo'
DEBUG_CFLAGS='-g'
DEBUG_FALSE='#'
DEBUG_TRUE=''
DEFS='-DHAVE_CONFIG_H'
DEPDIR='.deps'
ECHO_C=''
ECHO_N='-n'
ECHO_T=''
EGREP='/bin/grep -E'
EXEEXT=''
GREP='/bin/grep'
INSTALL_DATA='${INSTALL} -m 644'
INSTALL_PROGRAM='${INSTALL}'
INSTALL_SCRIPT='${INSTALL}'
INSTALL_STRIP_PROGRAM='${SHELL} $(install_sh) -c -s'
LDFLAGS='   -ldl  -lSM -lICE'
LIBOBJS=''
LIBS='  -ldl -lX11'
LN_S='ln -s'
LTLIBOBJS=''
LUA_CFLAGS=' '
LUA_LIBS='-llua -lm  '
MAINT='#'
MAINTAINER_MODE_FALSE=''
MAINTAINER_MODE_TRUE='#'
MAKEINFO='${SHELL} /home/unexist/projects/subtle/missing --run makeinfo'
OBJEXT='o'
PACKAGE='subtle'
PACKAGE_BUGREPORT='unexist@hilflos.org'
PACKAGE_NAME='subtle'
PACKAGE_STRING='subtle 0.7c'
PACKAGE_TARNAME='subtle'
PACKAGE_VERSION='0.7c'
PATH_SEPARATOR=':'
PKG_CONFIG='/usr/bin/pkg-config'
SET_MAKE=''
SHELL='/bin/sh'
STRIP=''
SUBLET_DIR='/usr/local/share/subtle'
VERSION='0.7c'
XMKMF=''
X_CFLAGS=''
X_EXTRA_LIBS=''
X_LIBS=''
X_PRE_LIBS=' -lSM -lICE'
ac_ct_CC='gcc'
am__fastdepCC_FALSE='#'
am__fastdepCC_TRUE=''
am__include='include'
am__leading_dot='.'
am__quote=''
am__tar='${AMTAR} chof - "$$tardir"'
am__untar='${AMTAR} xf -'
bindir='${exec_prefix}/bin'
build_alias=''
check='yes'
datadir='${datarootdir}'
datarootdir='${prefix}/share'
docdir='${datarootdir}/doc/${PACKAGE_TARNAME}'
dvidir='${docdir}'
exec_prefix='${prefix}'
host_alias=''
htmldir='${docdir}'
includedir='${prefix}/include'
infodir='${datarootdir}/info'
install_sh='/home/unexist/projects/subtle/install-sh'
libdir='${exec_prefix}/lib'
libexecdir='${exec_prefix}/libexec'
localedir='${datarootdir}/locale'
localstatedir='${prefix}/var'
lua_CFLAGS=' '
lua_LIBS='-llua -lm  '
mandir='${datarootdir}/man'
mkdir_p='mkdir -p --'
oldincludedir='/usr/include'
pdfdir='${docdir}'
prefix='/usr/local'
program_transform_name='s,x,x,'
psdir='${docdir}'
sbindir='${exec_prefix}/sbin'
sharedstatedir='${prefix}/com'
sysconfdir='${prefix}/etc'
target_alias=''

## ----------- ##
## confdefs.h. ##
## ----------- ##

#define PACKAGE_NAME "subtle"
#define PACKAGE_TARNAME "subtle"
#define PACKAGE_VERSION "0.7c"
#define PACKAGE_STRING "subtle 0.7c"
#define PACKAGE_BUGREPORT "unexist@hilflos.org"
#define HAVE_DIRENT_H 1
#define STDC_HEADERS 1
#define HAVE_SYS_TYPES_H 1
#define HAVE_SYS_STAT_H 1
#define HAVE_STDLIB_H 1
#define HAVE_STRING_H 1
#define HAVE_MEMORY_H 1
#define HAVE_STRINGS_H 1
#define HAVE_INTTYPES_H 1
#define HAVE_STDINT_H 1
#define HAVE_UNISTD_H 1
#define HAVE_LIMITS_H 1
#define HAVE_MALLOC_H 1
#define HAVE_MEMORY_H 1
#define HAVE_SYS_TIME_H 1
#define HAVE_UNISTD_H 1
#define HAVE_FNMATCH_H 1
#define RETSIGTYPE void
#define TIME_WITH_SYS_TIME 1
#define HAVE_STDLIB_H 1
#define HAVE_MALLOC 1
#define HAVE_STDLIB_H 1
#define HAVE_REALLOC 1
#define HAVE_SYS_SELECT_H 1
#define HAVE_SYS_SOCKET_H 1
#define SELECT_TYPE_ARG1 int
#define SELECT_TYPE_ARG234 (fd_set *)
#define SELECT_TYPE_ARG5 (struct timeval *)
#define HAVE_STRFTIME 1
#define HAVE_MEMMOVE 1
#define HAVE_MEMSET 1
#define HAVE_SELECT 1
#define HAVE_STRCHR 1
#define HAVE_STRDUP 1
#define HAVE_STRERROR 1
#define HAVE_STRRCHR 1
#define SUBLET_DIR "/usr/local/share/subtle"
#define CONFIG_DIR "/usr/local/etc/subtle"
#define DEBUG 1

configure: exit 0
